2022-11-27 01:48:40,152:INFO:Logger:[+] NEW File [+]: C:\Users\Ream Sadan\Desktop\test\New Text Document.txt added at 1669506520.1528447!
2022-11-27 01:48:46,403:INFO:Logger:[+] NEW File [+]: C:\Users\Ream Sadan\Desktop\test\lol.txt added at 1669506520.1528447!
2022-11-27 01:48:50,582:INFO:Logger:[+] File [+]: C:\Users\Ream Sadan\Desktop\test\New Text Document.txt modified at 1669506520.1528447!
2022-11-27 01:48:52,872:INFO:Logger:[-]: File [-] C:\Users\Ream Sadan\Desktop\test\New Text Document.txt deleted!
2022-11-27 01:48:52,873:INFO:Logger:[+] NEW File [+]: C:\Users\Ream Sadan\Desktop\test\ffs.txt added at 1669506520.1528447!
2022-11-27 01:48:58,192:INFO:Logger:[+] NEW File [+]: C:\Users\Ream Sadan\Desktop\test\ok.txt added at 1669506520.1528447!
2022-11-27 01:49:00,898:INFO:Logger:[-]: File [-] C:\Users\Ream Sadan\Desktop\test\ok.txt deleted!
2022-11-27 01:49:06,970:INFO:Logger:[+] NEW File [+]: C:\Users\Ream Sadan\Desktop\test\New Text Document.txt added at 1669506520.1528447!
2022-11-27 01:49:10,002:INFO:Logger:[-]: File [-] C:\Users\Ream Sadan\Desktop\test\New Text Document.txt deleted!
2022-11-27 01:49:10,002:INFO:Logger:[+] NEW File [+]: C:\Users\Ream Sadan\Desktop\test\testing.txt added at 1669506520.1528447!
2022-11-27 01:49:11,573:INFO:Logger:[-]: File [-] C:\Users\Ream Sadan\Desktop\test\testing.txt deleted!
2022-11-27 01:49:17,100:INFO:Logger:[+] NEW File [+]: C:\Users\Ream Sadan\Desktop\test\New Text Document.txt added at 1669506520.1528447!
2022-11-27 01:49:21,352:INFO:Logger:[-]: File [-] C:\Users\Ream Sadan\Desktop\test\New Text Document.txt deleted!
2022-11-27 01:49:21,352:INFO:Logger:[+] NEW File [+]: C:\Users\Ream Sadan\Desktop\test\okok.txt added at 1669506520.1528447!
2022-11-27 01:49:26,051:INFO:Logger:[+] NEW File [+]: C:\Users\Ream Sadan\Desktop\test\New Text Document.txt added at 1669506520.1528447!
2022-11-27 01:49:32,212:INFO:Logger:[-]: File [-] C:\Users\Ream Sadan\Desktop\test\New Text Document.txt deleted!
2022-11-27 01:49:32,213:INFO:Logger:[+] NEW File [+]: C:\Users\Ream Sadan\Desktop\test\forget.txt added at 1669506520.1528447!
2022-11-27 01:49:33,984:INFO:Logger:[-]: File [-] C:\Users\Ream Sadan\Desktop\test\forget.txt deleted!
2022-11-27 01:51:25,042:INFO:Logger:[+] NEW File [+]: C:\Users\Ream Sadan\Desktop\test\New Text Document.txt added at 1669506685.042648!
2022-11-27 01:51:27,704:INFO:Logger:[+] NEW File [+]: C:\Users\Ream Sadan\Desktop\test\okokok.txt added at 1669506685.042648!
2022-11-27 01:51:34,879:INFO:Logger:[+] File [+]: C:\Users\Ream Sadan\Desktop\test\New Text Document.txt modified at 1669506685.042648!
2022-11-27 01:51:37,602:INFO:Logger:[-]: File [-] C:\Users\Ream Sadan\Desktop\test\New Text Document.txt deleted!
2022-11-27 01:51:37,603:INFO:Logger:[+] NEW File [+]: C:\Users\Ream Sadan\Desktop\test\testing.txt added at 1669506685.042648!
2022-11-27 01:51:43,066:INFO:Logger:[+] NEW File [+]: C:\Users\Ream Sadan\Desktop\test\New Text Document.txt added at 1669506685.042648!
2022-11-27 01:51:44,422:INFO:Logger:[+] NEW File [+]: C:\Users\Ream Sadan\Desktop\test\ffs.txt added at 1669506685.042648!
2022-11-27 01:51:52,521:INFO:Logger:[+] File [+]: C:\Users\Ream Sadan\Desktop\test\New Text Document.txt modified at 1669506703.0666988!
